1489589074,,ui,say,amazon-ebs output will be in this color.
1489589074,,ui,say,
1489589074,,ui,say,==> amazon-ebs: Force Deregister flag found%!(PACKER_COMMA) skipping prevalidating AMI Name
1489589078,,ui,message,    amazon-ebs: Found Image ID: ami-2757f631
1489589078,,ui,say,==> amazon-ebs: Creating temporary keypair: packer_58c95352-35a8-bb07-f31e-008e169e5979
1489589078,,ui,say,==> amazon-ebs: Creating temporary security group for this instance...
1489589078,,ui,say,==> amazon-ebs: Authorizing access to port 22 the temporary security group...
1489589079,,ui,say,==> amazon-ebs: Launching a source AWS instance...
1489589080,,ui,message,    amazon-ebs: Instance ID: i-07f73defba0ad3e74
1489589080,,ui,say,==> amazon-ebs: Waiting for instance (i-07f73defba0ad3e74) to become ready...
1489589098,,ui,say,==> amazon-ebs: Adding tags to source instance
1489589098,,ui,say,==> amazon-ebs: Waiting for SSH to become available...
1489589119,,ui,say,==> amazon-ebs: Connected to SSH!
1489589119,,ui,say,==> amazon-ebs: Provisioning with shell script: /var/folders/99/kb65vfkd6_5_qxn5_0w4f9pr0000gn/T/packer-shell328791393
1489589121,,ui,message,    amazon-ebs: Hit:1 http://us-east-1.ec2.archive.ubuntu.com/ubuntu xenial InRelease
1489589121,,ui,message,    amazon-ebs: Get:2 http://us-east-1.ec2.archive.ubuntu.com/ubuntu xenial-updates InRelease [102 kB]
1489589121,,ui,message,    amazon-ebs: Get:3 http://us-east-1.ec2.archive.ubuntu.com/ubuntu xenial-backports InRelease [102 kB]
1489589121,,ui,message,    amazon-ebs: Get:4 http://security.ubuntu.com/ubuntu xenial-security InRelease [102 kB]
1489589121,,ui,message,    amazon-ebs: Get:5 http://us-east-1.ec2.archive.ubuntu.com/ubuntu xenial/main Sources [868 kB]
1489589121,,ui,message,    amazon-ebs: Get:6 http://us-east-1.ec2.archive.ubuntu.com/ubuntu xenial/restricted Sources [4%!(PACKER_COMMA)808 B]
1489589121,,ui,message,    amazon-ebs: Get:7 http://us-east-1.ec2.archive.ubuntu.com/ubuntu xenial/universe Sources [7%!(PACKER_COMMA)728 kB]
1489589122,,ui,message,    amazon-ebs: Get:8 http://us-east-1.ec2.archive.ubuntu.com/ubuntu xenial/multiverse Sources [179 kB]
1489589122,,ui,message,    amazon-ebs: Get:9 http://us-east-1.ec2.archive.ubuntu.com/ubuntu xenial-updates/main Sources [236 kB]
1489589122,,ui,message,    amazon-ebs: Get:10 http://us-east-1.ec2.archive.ubuntu.com/ubuntu xenial-updates/restricted Sources [2%!(PACKER_COMMA)688 B]
1489589122,,ui,message,    amazon-ebs: Get:11 http://us-east-1.ec2.archive.ubuntu.com/ubuntu xenial-updates/universe Sources [142 kB]
1489589122,,ui,message,    amazon-ebs: Get:12 http://us-east-1.ec2.archive.ubuntu.com/ubuntu xenial-updates/multiverse Sources [4%!(PACKER_COMMA)552 B]
1489589122,,ui,message,    amazon-ebs: Get:13 http://us-east-1.ec2.archive.ubuntu.com/ubuntu xenial-updates/main amd64 Packages [496 kB]
1489589122,,ui,message,    amazon-ebs: Get:14 http://us-east-1.ec2.archive.ubuntu.com/ubuntu xenial-updates/main Translation-en [198 kB]
1489589122,,ui,message,    amazon-ebs: Get:15 http://us-east-1.ec2.archive.ubuntu.com/ubuntu xenial-updates/universe amd64 Packages [437 kB]
1489589122,,ui,message,    amazon-ebs: Get:16 http://us-east-1.ec2.archive.ubuntu.com/ubuntu xenial-updates/universe Translation-en [167 kB]
1489589122,,ui,message,    amazon-ebs: Get:17 http://us-east-1.ec2.archive.ubuntu.com/ubuntu xenial-updates/multiverse amd64 Packages [8%!(PACKER_COMMA)080 B]
1489589122,,ui,message,    amazon-ebs: Get:18 http://security.ubuntu.com/ubuntu xenial-security/main Sources [63.6 kB]
1489589122,,ui,message,    amazon-ebs: Get:19 http://security.ubuntu.com/ubuntu xenial-security/restricted Sources [2%!(PACKER_COMMA)288 B]
1489589122,,ui,message,    amazon-ebs: Get:20 http://security.ubuntu.com/ubuntu xenial-security/universe Sources [24.4 kB]
1489589122,,ui,message,    amazon-ebs: Get:21 http://security.ubuntu.com/ubuntu xenial-security/multiverse Sources [1%!(PACKER_COMMA)144 B]
1489589122,,ui,message,    amazon-ebs: Get:22 http://security.ubuntu.com/ubuntu xenial-security/main amd64 Packages [231 kB]
1489589122,,ui,message,    amazon-ebs: Get:23 http://security.ubuntu.com/ubuntu xenial-security/main Translation-en [97.1 kB]
1489589122,,ui,message,    amazon-ebs: Get:24 http://security.ubuntu.com/ubuntu xenial-security/universe amd64 Packages [95.8 kB]
1489589122,,ui,message,    amazon-ebs: Get:25 http://security.ubuntu.com/ubuntu xenial-security/universe Translation-en [51.3 kB]
1489589122,,ui,message,    amazon-ebs: Get:26 http://security.ubuntu.com/ubuntu xenial-security/multiverse amd64 Packages [2%!(PACKER_COMMA)744 B]
1489589122,,ui,message,    amazon-ebs: Get:27 http://us-east-1.ec2.archive.ubuntu.com/ubuntu xenial-backports/main Sources [3%!(PACKER_COMMA)200 B]
1489589122,,ui,message,    amazon-ebs: Get:28 http://us-east-1.ec2.archive.ubuntu.com/ubuntu xenial-backports/universe Sources [1%!(PACKER_COMMA)868 B]
1489589122,,ui,message,    amazon-ebs: Get:29 http://us-east-1.ec2.archive.ubuntu.com/ubuntu xenial-backports/main amd64 Packages [4%!(PACKER_COMMA)672 B]
1489589122,,ui,message,    amazon-ebs: Get:30 http://us-east-1.ec2.archive.ubuntu.com/ubuntu xenial-backports/main Translation-en [3%!(PACKER_COMMA)200 B]
1489589122,,ui,message,    amazon-ebs: Get:31 http://us-east-1.ec2.archive.ubuntu.com/ubuntu xenial-backports/universe amd64 Packages [2%!(PACKER_COMMA)512 B]
1489589122,,ui,message,    amazon-ebs: Get:32 http://us-east-1.ec2.archive.ubuntu.com/ubuntu xenial-backports/universe Translation-en [1%!(PACKER_COMMA)216 B]
1489589137,,ui,message,    amazon-ebs: Fetched 11.4 MB in 2s (4%!(PACKER_COMMA)079 kB/s)
1489589138,,ui,message,    amazon-ebs: Reading package lists...
1489589138,,ui,message,    amazon-ebs: Reading package lists...
1489589139,,ui,message,    amazon-ebs: Building dependency tree...
1489589139,,ui,message,    amazon-ebs: Reading state information...
1489589139,,ui,message,    amazon-ebs: ca-certificates is already the newest version (20160104ubuntu1).
1489589139,,ui,message,    amazon-ebs: apt-transport-https is already the newest version (1.2.19).
1489589139,,ui,message,    amazon-ebs: The following additional packages will be installed:
1489589139,,ui,message,    amazon-ebs: keyutils libnfsidmap2 libpython-stdlib libpython2.7-minimal
1489589139,,ui,message,    amazon-ebs: libpython2.7-stdlib libtirpc1 python python-minimal python2.7
1489589139,,ui,message,    amazon-ebs: python2.7-minimal rpcbind
1489589139,,ui,message,    amazon-ebs: Suggested packages:
1489589139,,ui,message,    amazon-ebs: watchdog python-doc python-tk python2.7-doc binutils binfmt-support
1489589139,,ui,message,    amazon-ebs: The following NEW packages will be installed:
1489589139,,ui,message,    amazon-ebs: keyutils libnfsidmap2 libpython-stdlib libpython2.7-minimal
1489589139,,ui,message,    amazon-ebs: libpython2.7-stdlib libtirpc1 nfs-common python python-minimal python2.7
1489589139,,ui,message,    amazon-ebs: python2.7-minimal rpcbind
1489589139,,ui,message,    amazon-ebs: 0 upgraded%!(PACKER_COMMA) 12 newly installed%!(PACKER_COMMA) 0 to remove and 17 not upgraded.
1489589139,,ui,message,    amazon-ebs: Need to get 4%!(PACKER_COMMA)295 kB of archives.
1489589139,,ui,message,    amazon-ebs: After this operation%!(PACKER_COMMA) 18.0 MB of additional disk space will be used.
1489589139,,ui,message,    amazon-ebs: Get:1 http://us-east-1.ec2.archive.ubuntu.com/ubuntu xenial/main amd64 libnfsidmap2 amd64 0.25-5 [32.2 kB]
1489589139,,ui,message,    amazon-ebs: Get:2 http://us-east-1.ec2.archive.ubuntu.com/ubuntu xenial-updates/main amd64 libpython2.7-minimal amd64 2.7.12-1ubuntu0~16.04.1 [339 kB]
1489589139,,ui,message,    amazon-ebs: Get:3 http://us-east-1.ec2.archive.ubuntu.com/ubuntu xenial-updates/main amd64 python2.7-minimal amd64 2.7.12-1ubuntu0~16.04.1 [1%!(PACKER_COMMA)295 kB]
1489589139,,ui,message,    amazon-ebs: Get:4 http://us-east-1.ec2.archive.ubuntu.com/ubuntu xenial/main amd64 python-minimal amd64 2.7.11-1 [28.2 kB]
1489589139,,ui,message,    amazon-ebs: Get:5 http://us-east-1.ec2.archive.ubuntu.com/ubuntu xenial-updates/main amd64 libpython2.7-stdlib amd64 2.7.12-1ubuntu0~16.04.1 [1%!(PACKER_COMMA)884 kB]
1489589139,,ui,message,    amazon-ebs: Get:6 http://us-east-1.ec2.archive.ubuntu.com/ubuntu xenial-updates/main amd64 python2.7 amd64 2.7.12-1ubuntu0~16.04.1 [224 kB]
1489589139,,ui,message,    amazon-ebs: Get:7 http://us-east-1.ec2.archive.ubuntu.com/ubuntu xenial/main amd64 libpython-stdlib amd64 2.7.11-1 [7%!(PACKER_COMMA)656 B]
1489589139,,ui,message,    amazon-ebs: Get:8 http://us-east-1.ec2.archive.ubuntu.com/ubuntu xenial/main amd64 python amd64 2.7.11-1 [137 kB]
1489589139,,ui,message,    amazon-ebs: Get:9 http://us-east-1.ec2.archive.ubuntu.com/ubuntu xenial/main amd64 libtirpc1 amd64 0.2.5-1 [75.6 kB]
1489589139,,ui,message,    amazon-ebs: Get:10 http://us-east-1.ec2.archive.ubuntu.com/ubuntu xenial/main amd64 keyutils amd64 1.5.9-8ubuntu1 [47.1 kB]
1489589139,,ui,message,    amazon-ebs: Get:11 http://us-east-1.ec2.archive.ubuntu.com/ubuntu xenial/main amd64 rpcbind amd64 0.2.3-0.2 [40.3 kB]
1489589139,,ui,message,    amazon-ebs: Get:12 http://us-east-1.ec2.archive.ubuntu.com/ubuntu xenial/main amd64 nfs-common amd64 1:1.2.8-9ubuntu12 [185 kB]
1489589139,,ui,message,    amazon-ebs: debconf: unable to initialize frontend: Dialog
1489589139,,ui,message,    amazon-ebs: debconf: (Dialog frontend will not work on a dumb terminal%!(PACKER_COMMA) an emacs shell buffer%!(PACKER_COMMA) or without a controlling terminal.)
1489589139,,ui,message,    amazon-ebs: debconf: falling back to frontend: Readline
1489589139,,ui,message,    amazon-ebs: debconf: unable to initialize frontend: Readline
1489589139,,ui,message,    amazon-ebs: debconf: (This frontend requires a controlling tty.)
1489589139,,ui,message,    amazon-ebs: debconf: falling back to frontend: Teletype
1489589139,,ui,message,    amazon-ebs: dpkg-preconfigure: unable to re-open stdin:
1489589139,,ui,message,    amazon-ebs: Fetched 4%!(PACKER_COMMA)295 kB in 0s (23.4 MB/s)
1489589139,,ui,message,    amazon-ebs: Selecting previously unselected package libnfsidmap2:amd64.
1489589140,,ui,message,    amazon-ebs: (Reading database ... 53844 files and directories currently installed.)
1489589140,,ui,message,    amazon-ebs: Preparing to unpack .../libnfsidmap2_0.25-5_amd64.deb ...
1489589140,,ui,message,    amazon-ebs: Unpacking libnfsidmap2:amd64 (0.25-5) ...
1489589140,,ui,message,    amazon-ebs: Selecting previously unselected package libpython2.7-minimal:amd64.
1489589140,,ui,message,    amazon-ebs: Preparing to unpack .../libpython2.7-minimal_2.7.12-1ubuntu0~16.04.1_amd64.deb ...
1489589140,,ui,message,    amazon-ebs: Unpacking libpython2.7-minimal:amd64 (2.7.12-1ubuntu0~16.04.1) ...
1489589141,,ui,message,    amazon-ebs: Selecting previously unselected package python2.7-minimal.
1489589141,,ui,message,    amazon-ebs: Preparing to unpack .../python2.7-minimal_2.7.12-1ubuntu0~16.04.1_amd64.deb ...
1489589141,,ui,message,    amazon-ebs: Unpacking python2.7-minimal (2.7.12-1ubuntu0~16.04.1) ...
1489589141,,ui,message,    amazon-ebs: Selecting previously unselected package python-minimal.
1489589141,,ui,message,    amazon-ebs: Preparing to unpack .../python-minimal_2.7.11-1_amd64.deb ...
1489589141,,ui,message,    amazon-ebs: Unpacking python-minimal (2.7.11-1) ...
1489589141,,ui,message,    amazon-ebs: Selecting previously unselected package libpython2.7-stdlib:amd64.
1489589141,,ui,message,    amazon-ebs: Preparing to unpack .../libpython2.7-stdlib_2.7.12-1ubuntu0~16.04.1_amd64.deb ...
1489589141,,ui,message,    amazon-ebs: Unpacking libpython2.7-stdlib:amd64 (2.7.12-1ubuntu0~16.04.1) ...
1489589142,,ui,message,    amazon-ebs: Selecting previously unselected package python2.7.
1489589142,,ui,message,    amazon-ebs: Preparing to unpack .../python2.7_2.7.12-1ubuntu0~16.04.1_amd64.deb ...
1489589142,,ui,message,    amazon-ebs: Unpacking python2.7 (2.7.12-1ubuntu0~16.04.1) ...
1489589142,,ui,message,    amazon-ebs: Selecting previously unselected package libpython-stdlib:amd64.
1489589142,,ui,message,    amazon-ebs: Preparing to unpack .../libpython-stdlib_2.7.11-1_amd64.deb ...
1489589142,,ui,message,    amazon-ebs: Unpacking libpython-stdlib:amd64 (2.7.11-1) ...
1489589142,,ui,message,    amazon-ebs: Processing triggers for man-db (2.7.5-1) ...
1489589144,,ui,message,    amazon-ebs: Processing triggers for mime-support (3.59ubuntu1) ...
1489589144,,ui,message,    amazon-ebs: Setting up libpython2.7-minimal:amd64 (2.7.12-1ubuntu0~16.04.1) ...
1489589144,,ui,message,    amazon-ebs: Setting up python2.7-minimal (2.7.12-1ubuntu0~16.04.1) ...
1489589144,,ui,message,    amazon-ebs: Linking and byte-compiling packages for runtime python2.7...
1489589144,,ui,message,    amazon-ebs: Setting up python-minimal (2.7.11-1) ...
1489589144,,ui,message,    amazon-ebs: Selecting previously unselected package python.
1489589144,,ui,message,    amazon-ebs: (Reading database ... 54600 files and directories currently installed.)
1489589144,,ui,message,    amazon-ebs: Preparing to unpack .../python_2.7.11-1_amd64.deb ...
1489589144,,ui,message,    amazon-ebs: Unpacking python (2.7.11-1) ...
1489589144,,ui,message,    amazon-ebs: Selecting previously unselected package libtirpc1:amd64.
1489589144,,ui,message,    amazon-ebs: Preparing to unpack .../libtirpc1_0.2.5-1_amd64.deb ...
1489589144,,ui,message,    amazon-ebs: Unpacking libtirpc1:amd64 (0.2.5-1) ...
1489589144,,ui,message,    amazon-ebs: Selecting previously unselected package keyutils.
1489589145,,ui,message,    amazon-ebs: Preparing to unpack .../keyutils_1.5.9-8ubuntu1_amd64.deb ...
1489589145,,ui,message,    amazon-ebs: Unpacking keyutils (1.5.9-8ubuntu1) ...
1489589145,,ui,message,    amazon-ebs: Selecting previously unselected package rpcbind.
1489589145,,ui,message,    amazon-ebs: Preparing to unpack .../rpcbind_0.2.3-0.2_amd64.deb ...
1489589145,,ui,message,    amazon-ebs: Unpacking rpcbind (0.2.3-0.2) ...
1489589145,,ui,message,    amazon-ebs: Selecting previously unselected package nfs-common.
1489589145,,ui,message,    amazon-ebs: Preparing to unpack .../nfs-common_1%3a1.2.8-9ubuntu12_amd64.deb ...
1489589145,,ui,message,    amazon-ebs: Unpacking nfs-common (1:1.2.8-9ubuntu12) ...
1489589145,,ui,message,    amazon-ebs: Processing triggers for man-db (2.7.5-1) ...
1489589145,,ui,message,    amazon-ebs: Processing triggers for systemd (229-4ubuntu16) ...
1489589145,,ui,message,    amazon-ebs: Processing triggers for ureadahead (0.100.0-19) ...
1489589145,,ui,message,    amazon-ebs: Setting up libnfsidmap2:amd64 (0.25-5) ...
1489589145,,ui,message,    amazon-ebs: Setting up libpython2.7-stdlib:amd64 (2.7.12-1ubuntu0~16.04.1) ...
1489589145,,ui,message,    amazon-ebs: Setting up python2.7 (2.7.12-1ubuntu0~16.04.1) ...
1489589146,,ui,message,    amazon-ebs: Setting up libpython-stdlib:amd64 (2.7.11-1) ...
1489589146,,ui,message,    amazon-ebs: Setting up python (2.7.11-1) ...
1489589146,,ui,message,    amazon-ebs: Setting up libtirpc1:amd64 (0.2.5-1) ...
1489589146,,ui,message,    amazon-ebs: Setting up keyutils (1.5.9-8ubuntu1) ...
1489589146,,ui,message,    amazon-ebs: Setting up rpcbind (0.2.3-0.2) ...
1489589147,,ui,message,    amazon-ebs: Setting up nfs-common (1:1.2.8-9ubuntu12) ...
1489589147,,ui,message,    amazon-ebs: debconf: unable to initialize frontend: Dialog
1489589147,,ui,message,    amazon-ebs: debconf: (Dialog frontend will not work on a dumb terminal%!(PACKER_COMMA) an emacs shell buffer%!(PACKER_COMMA) or without a controlling terminal.)
1489589147,,ui,message,    amazon-ebs: debconf: falling back to frontend: Readline
1489589147,,ui,message,    amazon-ebs:
1489589147,,ui,message,    amazon-ebs: Creating config file /etc/idmapd.conf with new version
1489589147,,ui,message,    amazon-ebs: debconf: unable to initialize frontend: Dialog
1489589147,,ui,message,    amazon-ebs: debconf: (Dialog frontend will not work on a dumb terminal%!(PACKER_COMMA) an emacs shell buffer%!(PACKER_COMMA) or without a controlling terminal.)
1489589147,,ui,message,    amazon-ebs: debconf: falling back to frontend: Readline
1489589147,,ui,message,    amazon-ebs:
1489589147,,ui,message,    amazon-ebs: Creating config file /etc/default/nfs-common with new version
1489589147,,ui,message,    amazon-ebs: Adding system user `statd' (UID 112) ...
1489589147,,ui,message,    amazon-ebs: Adding new user `statd' (UID 112) with group `nogroup' ...
1489589148,,ui,message,    amazon-ebs: Not creating home directory `/var/lib/nfs'.
1489589148,,ui,message,    amazon-ebs: nfs-utils.service is a disabled or a static unit%!(PACKER_COMMA) not starting it.
1489589148,,ui,message,    amazon-ebs: Processing triggers for libc-bin (2.23-0ubuntu5) ...
1489589148,,ui,message,    amazon-ebs: Processing triggers for systemd (229-4ubuntu16) ...
1489589148,,ui,message,    amazon-ebs: Processing triggers for ureadahead (0.100.0-19) ...
1489589149,,ui,message,    amazon-ebs: OK
1489589150,,ui,message,    amazon-ebs: Hit:1 http://us-east-1.ec2.archive.ubuntu.com/ubuntu xenial InRelease
1489589150,,ui,message,    amazon-ebs: Hit:2 http://us-east-1.ec2.archive.ubuntu.com/ubuntu xenial-updates InRelease
1489589150,,ui,message,    amazon-ebs: Hit:3 http://us-east-1.ec2.archive.ubuntu.com/ubuntu xenial-backports InRelease
1489589150,,ui,message,    amazon-ebs: Hit:4 http://security.ubuntu.com/ubuntu xenial-security InRelease
1489589150,,ui,message,    amazon-ebs: Get:5 https://download.docker.com/linux/ubuntu xenial InRelease [13.9 kB]
1489589150,,ui,message,    amazon-ebs: Get:6 https://download.docker.com/linux/ubuntu xenial/stable amd64 Packages [1%!(PACKER_COMMA)103 B]
1489589152,,ui,message,    amazon-ebs: Fetched 15.0 kB in 0s (43.5 kB/s)
1489589153,,ui,message,    amazon-ebs: Reading package lists...
1489589153,,ui,message,    amazon-ebs: Reading package lists...
1489589153,,ui,message,    amazon-ebs: Building dependency tree...
1489589153,,ui,message,    amazon-ebs: Reading state information...
1489589153,,ui,message,    amazon-ebs: The following additional packages will be installed:
1489589153,,ui,message,    amazon-ebs: aufs-tools cgroupfs-mount libltdl7
1489589153,,ui,message,    amazon-ebs: Suggested packages:
1489589153,,ui,message,    amazon-ebs: mountall
1489589153,,ui,message,    amazon-ebs: The following NEW packages will be installed:
1489589153,,ui,message,    amazon-ebs: aufs-tools cgroupfs-mount docker-ce libltdl7
1489589153,,ui,message,    amazon-ebs: 0 upgraded%!(PACKER_COMMA) 4 newly installed%!(PACKER_COMMA) 0 to remove and 17 not upgraded.
1489589153,,ui,message,    amazon-ebs: Need to get 19.4 MB of archives.
1489589153,,ui,message,    amazon-ebs: After this operation%!(PACKER_COMMA) 89.4 MB of additional disk space will be used.
1489589153,,ui,message,    amazon-ebs: Get:1 http://us-east-1.ec2.archive.ubuntu.com/ubuntu xenial/universe amd64 aufs-tools amd64 1:3.2+20130722-1.1ubuntu1 [92.9 kB]
1489589153,,ui,message,    amazon-ebs: Get:2 http://us-east-1.ec2.archive.ubuntu.com/ubuntu xenial/universe amd64 cgroupfs-mount all 1.2 [4%!(PACKER_COMMA)970 B]
1489589153,,ui,message,    amazon-ebs: Get:3 http://us-east-1.ec2.archive.ubuntu.com/ubuntu xenial/main amd64 libltdl7 amd64 2.4.6-0.1 [38.3 kB]
1489589154,,ui,message,    amazon-ebs: Get:4 https://download.docker.com/linux/ubuntu xenial/stable amd64 docker-ce amd64 17.03.0~ce-0~ubuntu-xenial [19.3 MB]
1489589155,,ui,message,    amazon-ebs: debconf: unable to initialize frontend: Dialog
1489589155,,ui,message,    amazon-ebs: debconf: (Dialog frontend will not work on a dumb terminal%!(PACKER_COMMA) an emacs shell buffer%!(PACKER_COMMA) or without a controlling terminal.)
1489589155,,ui,message,    amazon-ebs: debconf: falling back to frontend: Readline
1489589155,,ui,message,    amazon-ebs: debconf: unable to initialize frontend: Readline
1489589155,,ui,message,    amazon-ebs: debconf: (This frontend requires a controlling tty.)
1489589155,,ui,message,    amazon-ebs: debconf: falling back to frontend: Teletype
1489589155,,ui,message,    amazon-ebs: dpkg-preconfigure: unable to re-open stdin:
1489589155,,ui,message,    amazon-ebs: Fetched 19.4 MB in 1s (17.6 MB/s)
1489589155,,ui,message,    amazon-ebs: Selecting previously unselected package aufs-tools.
1489589155,,ui,message,    amazon-ebs: (Reading database ... 54786 files and directories currently installed.)
1489589155,,ui,message,    amazon-ebs: Preparing to unpack .../aufs-tools_1%3a3.2+20130722-1.1ubuntu1_amd64.deb ...
1489589155,,ui,message,    amazon-ebs: Unpacking aufs-tools (1:3.2+20130722-1.1ubuntu1) ...
1489589155,,ui,message,    amazon-ebs: Selecting previously unselected package cgroupfs-mount.
1489589155,,ui,message,    amazon-ebs: Preparing to unpack .../cgroupfs-mount_1.2_all.deb ...
1489589155,,ui,message,    amazon-ebs: Unpacking cgroupfs-mount (1.2) ...
1489589155,,ui,message,    amazon-ebs: Selecting previously unselected package libltdl7:amd64.
1489589155,,ui,message,    amazon-ebs: Preparing to unpack .../libltdl7_2.4.6-0.1_amd64.deb ...
1489589155,,ui,message,    amazon-ebs: Unpacking libltdl7:amd64 (2.4.6-0.1) ...
1489589155,,ui,message,    amazon-ebs: Selecting previously unselected package docker-ce.
1489589155,,ui,message,    amazon-ebs: Preparing to unpack .../docker-ce_17.03.0~ce-0~ubuntu-xenial_amd64.deb ...
1489589155,,ui,message,    amazon-ebs: Unpacking docker-ce (17.03.0~ce-0~ubuntu-xenial) ...
1489589157,,ui,message,    amazon-ebs: Processing triggers for libc-bin (2.23-0ubuntu5) ...
1489589157,,ui,message,    amazon-ebs: Processing triggers for man-db (2.7.5-1) ...
1489589158,,ui,message,    amazon-ebs: Processing triggers for ureadahead (0.100.0-19) ...
1489589158,,ui,message,    amazon-ebs: Processing triggers for systemd (229-4ubuntu16) ...
1489589158,,ui,message,    amazon-ebs: Setting up aufs-tools (1:3.2+20130722-1.1ubuntu1) ...
1489589158,,ui,message,    amazon-ebs: Setting up cgroupfs-mount (1.2) ...
1489589158,,ui,message,    amazon-ebs: Setting up libltdl7:amd64 (2.4.6-0.1) ...
1489589158,,ui,message,    amazon-ebs: Setting up docker-ce (17.03.0~ce-0~ubuntu-xenial) ...
1489589161,,ui,message,    amazon-ebs: Processing triggers for libc-bin (2.23-0ubuntu5) ...
1489589161,,ui,message,    amazon-ebs: Processing triggers for systemd (229-4ubuntu16) ...
1489589161,,ui,message,    amazon-ebs: Processing triggers for ureadahead (0.100.0-19) ...
1489589163,,ui,say,==> amazon-ebs: Uploading docker.service => /tmp/docker.service
1489589163,,ui,say,==> amazon-ebs: Provisioning with shell script: /var/folders/99/kb65vfkd6_5_qxn5_0w4f9pr0000gn/T/packer-shell237097412
1489589166,,ui,say,==> amazon-ebs: Stopping the source instance...
1489589166,,ui,say,==> amazon-ebs: Waiting for the instance to stop...
1489589221,,ui,say,==> amazon-ebs: Deregistered AMI devops21%!(PACKER_COMMA) id: ami-325af324
1489589221,,ui,say,==> amazon-ebs: Creating the AMI: devops21
1489589221,,ui,message,    amazon-ebs: AMI: ami-6c5ff67a
1489589221,,ui,say,==> amazon-ebs: Waiting for AMI to become ready...
1489589330,,ui,say,==> amazon-ebs: Terminating the source AWS instance...
1489589337,,ui,say,==> amazon-ebs: Cleaning up any extra volumes...
1489589337,,ui,say,==> amazon-ebs: No volumes to clean up%!(PACKER_COMMA) skipping
1489589337,,ui,say,==> amazon-ebs: Deleting temporary security group...
1489589338,,ui,say,==> amazon-ebs: Deleting temporary keypair...
1489589338,,ui,say,Build 'amazon-ebs' finished.
1489589338,,ui,say,\n==> Builds finished. The artifacts of successful builds are:
1489589338,amazon-ebs,artifact-count,1
1489589338,amazon-ebs,artifact,0,builder-id,mitchellh.amazonebs
1489589338,amazon-ebs,artifact,0,id,us-east-1:ami-6c5ff67a
1489589338,amazon-ebs,artifact,0,string,AMIs were created:\n\nus-east-1: ami-6c5ff67a
1489589338,amazon-ebs,artifact,0,files-count,0
1489589338,amazon-ebs,artifact,0,end
1489589338,,ui,say,--> amazon-ebs: AMIs were created:\n\nus-east-1: ami-6c5ff67a
