1485208194,,ui,say,amazon-ebs output will be in this color.
1485208194,,ui,say,
1485208194,,ui,say,==> amazon-ebs: Force Deregister flag found%!(PACKER_COMMA) skipping prevalidating AMI Name
1485208197,,ui,message,    amazon-ebs: Found Image ID: ami-6edd3078
1485208197,,ui,say,==> amazon-ebs: Creating temporary keypair: packer_58867a82-d8bb-33ac-7df0-f7d2511e68fa
1485208197,,ui,say,==> amazon-ebs: Creating temporary security group for this instance...
1485208198,,ui,say,==> amazon-ebs: Authorizing access to port 22 the temporary security group...
1485208198,,ui,say,==> amazon-ebs: Launching a source AWS instance...
1485208199,,ui,message,    amazon-ebs: Instance ID: i-074f7f83e8ea90ac6
1485208199,,ui,say,==> amazon-ebs: Waiting for instance (i-074f7f83e8ea90ac6) to become ready...
1485208221,,ui,say,==> amazon-ebs: Waiting for SSH to become available...
1485208239,,ui,say,==> amazon-ebs: Connected to SSH!
1485208239,,ui,say,==> amazon-ebs: Provisioning with shell script: /var/folders/99/kb65vfkd6_5_qxn5_0w4f9pr0000gn/T/packer-shell721551436
1485208255,,ui,message,    amazon-ebs: Hit:1 http://us-east-1.ec2.archive.ubuntu.com/ubuntu xenial InRelease
1485208255,,ui,message,    amazon-ebs: Get:2 http://us-east-1.ec2.archive.ubuntu.com/ubuntu xenial-updates InRelease [102 kB]
1485208255,,ui,message,    amazon-ebs: Get:3 http://us-east-1.ec2.archive.ubuntu.com/ubuntu xenial-backports InRelease [102 kB]
1485208255,,ui,message,    amazon-ebs: Get:4 http://security.ubuntu.com/ubuntu xenial-security InRelease [102 kB]
1485208255,,ui,message,    amazon-ebs: Get:5 http://us-east-1.ec2.archive.ubuntu.com/ubuntu xenial/main Sources [868 kB]
1485208255,,ui,message,    amazon-ebs: Get:6 http://us-east-1.ec2.archive.ubuntu.com/ubuntu xenial/restricted Sources [4%!(PACKER_COMMA)808 B]
1485208255,,ui,message,    amazon-ebs: Get:7 http://us-east-1.ec2.archive.ubuntu.com/ubuntu xenial/universe Sources [7%!(PACKER_COMMA)728 kB]
1485208256,,ui,message,    amazon-ebs: Get:8 http://us-east-1.ec2.archive.ubuntu.com/ubuntu xenial/multiverse Sources [179 kB]
1485208256,,ui,message,    amazon-ebs: Get:9 http://security.ubuntu.com/ubuntu xenial-security/main Sources [54.9 kB]
1485208256,,ui,message,    amazon-ebs: Get:10 http://us-east-1.ec2.archive.ubuntu.com/ubuntu xenial-updates/main Sources [217 kB]
1485208256,,ui,message,    amazon-ebs: Get:11 http://us-east-1.ec2.archive.ubuntu.com/ubuntu xenial-updates/restricted Sources [1%!(PACKER_COMMA)800 B]
1485208256,,ui,message,    amazon-ebs: Get:12 http://security.ubuntu.com/ubuntu xenial-security/restricted Sources [1%!(PACKER_COMMA)800 B]
1485208256,,ui,message,    amazon-ebs: Get:13 http://us-east-1.ec2.archive.ubuntu.com/ubuntu xenial-updates/universe Sources [119 kB]
1485208256,,ui,message,    amazon-ebs: Get:14 http://us-east-1.ec2.archive.ubuntu.com/ubuntu xenial-updates/multiverse Sources [4%!(PACKER_COMMA)560 B]
1485208256,,ui,message,    amazon-ebs: Get:15 http://us-east-1.ec2.archive.ubuntu.com/ubuntu xenial-updates/main amd64 Packages [457 kB]
1485208256,,ui,message,    amazon-ebs: Get:16 http://security.ubuntu.com/ubuntu xenial-security/universe Sources [17.5 kB]
1485208256,,ui,message,    amazon-ebs: Get:17 http://us-east-1.ec2.archive.ubuntu.com/ubuntu xenial-updates/main Translation-en [180 kB]
1485208256,,ui,message,    amazon-ebs: Get:18 http://security.ubuntu.com/ubuntu xenial-security/multiverse Sources [724 B]
1485208256,,ui,message,    amazon-ebs: Get:19 http://us-east-1.ec2.archive.ubuntu.com/ubuntu xenial-updates/restricted amd64 Packages [6%!(PACKER_COMMA)568 B]
1485208256,,ui,message,    amazon-ebs: Get:20 http://us-east-1.ec2.archive.ubuntu.com/ubuntu xenial-updates/restricted Translation-en [2%!(PACKER_COMMA)020 B]
1485208256,,ui,message,    amazon-ebs: Get:21 http://us-east-1.ec2.archive.ubuntu.com/ubuntu xenial-updates/universe amd64 Packages [383 kB]
1485208256,,ui,message,    amazon-ebs: Get:22 http://security.ubuntu.com/ubuntu xenial-security/main amd64 Packages [202 kB]
1485208256,,ui,message,    amazon-ebs: Get:23 http://security.ubuntu.com/ubuntu xenial-security/main Translation-en [84.6 kB]
1485208256,,ui,message,    amazon-ebs: Get:24 http://us-east-1.ec2.archive.ubuntu.com/ubuntu xenial-updates/universe Translation-en [142 kB]
1485208256,,ui,message,    amazon-ebs: Get:25 http://security.ubuntu.com/ubuntu xenial-security/restricted amd64 Packages [6%!(PACKER_COMMA)568 B]
1485208256,,ui,message,    amazon-ebs: Get:26 http://us-east-1.ec2.archive.ubuntu.com/ubuntu xenial-updates/multiverse amd64 Packages [8%!(PACKER_COMMA)080 B]
1485208256,,ui,message,    amazon-ebs: Get:27 http://us-east-1.ec2.archive.ubuntu.com/ubuntu xenial-updates/multiverse Translation-en [3%!(PACKER_COMMA)580 B]
1485208256,,ui,message,    amazon-ebs: Get:28 http://us-east-1.ec2.archive.ubuntu.com/ubuntu xenial-backports/main Sources [3%!(PACKER_COMMA)236 B]
1485208256,,ui,message,    amazon-ebs: Get:29 http://us-east-1.ec2.archive.ubuntu.com/ubuntu xenial-backports/universe Sources [1%!(PACKER_COMMA)868 B]
1485208256,,ui,message,    amazon-ebs: Get:30 http://us-east-1.ec2.archive.ubuntu.com/ubuntu xenial-backports/main amd64 Packages [4%!(PACKER_COMMA)404 B]
1485208256,,ui,message,    amazon-ebs: Get:31 http://us-east-1.ec2.archive.ubuntu.com/ubuntu xenial-backports/main Translation-en [3%!(PACKER_COMMA)124 B]
1485208256,,ui,message,    amazon-ebs: Get:32 http://us-east-1.ec2.archive.ubuntu.com/ubuntu xenial-backports/universe amd64 Packages [2%!(PACKER_COMMA)412 B]
1485208256,,ui,message,    amazon-ebs: Get:33 http://us-east-1.ec2.archive.ubuntu.com/ubuntu xenial-backports/universe Translation-en [1%!(PACKER_COMMA)216 B]
1485208256,,ui,message,    amazon-ebs: Get:34 http://security.ubuntu.com/ubuntu xenial-security/restricted Translation-en [2%!(PACKER_COMMA)020 B]
1485208256,,ui,message,    amazon-ebs: Get:35 http://security.ubuntu.com/ubuntu xenial-security/universe amd64 Packages [70.3 kB]
1485208256,,ui,message,    amazon-ebs: Get:36 http://security.ubuntu.com/ubuntu xenial-security/universe Translation-en [38.2 kB]
1485208256,,ui,message,    amazon-ebs: Get:37 http://security.ubuntu.com/ubuntu xenial-security/multiverse amd64 Packages [2%!(PACKER_COMMA)744 B]
1485208259,,ui,message,    amazon-ebs: Fetched 11.1 MB in 2s (5%!(PACKER_COMMA)527 kB/s)
1485208259,,ui,message,    amazon-ebs: Reading package lists...
1485208259,,ui,message,    amazon-ebs: Reading package lists...
1485208260,,ui,message,    amazon-ebs: Building dependency tree...
1485208260,,ui,message,    amazon-ebs: Reading state information...
1485208260,,ui,message,    amazon-ebs: ca-certificates is already the newest version (20160104ubuntu1).
1485208260,,ui,message,    amazon-ebs: apt-transport-https is already the newest version (1.2.18).
1485208260,,ui,message,    amazon-ebs: The following additional packages will be installed:
1485208260,,ui,message,    amazon-ebs: keyutils libnfsidmap2 libpython-stdlib libpython2.7-minimal
1485208260,,ui,message,    amazon-ebs: libpython2.7-stdlib libtirpc1 python python-minimal python2.7
1485208260,,ui,message,    amazon-ebs: python2.7-minimal rpcbind
1485208260,,ui,message,    amazon-ebs: Suggested packages:
1485208260,,ui,message,    amazon-ebs: watchdog python-doc python-tk python2.7-doc binutils binfmt-support
1485208260,,ui,message,    amazon-ebs: The following NEW packages will be installed:
1485208260,,ui,message,    amazon-ebs: keyutils libnfsidmap2 libpython-stdlib libpython2.7-minimal
1485208260,,ui,message,    amazon-ebs: libpython2.7-stdlib libtirpc1 nfs-common python python-minimal python2.7
1485208260,,ui,message,    amazon-ebs: python2.7-minimal rpcbind
1485208260,,ui,message,    amazon-ebs: 0 upgraded%!(PACKER_COMMA) 12 newly installed%!(PACKER_COMMA) 0 to remove and 29 not upgraded.
1485208260,,ui,message,    amazon-ebs: Need to get 4%!(PACKER_COMMA)295 kB of archives.
1485208260,,ui,message,    amazon-ebs: After this operation%!(PACKER_COMMA) 18.0 MB of additional disk space will be used.
1485208260,,ui,message,    amazon-ebs: Get:1 http://us-east-1.ec2.archive.ubuntu.com/ubuntu xenial/main amd64 libnfsidmap2 amd64 0.25-5 [32.2 kB]
1485208260,,ui,message,    amazon-ebs: Get:2 http://us-east-1.ec2.archive.ubuntu.com/ubuntu xenial-updates/main amd64 libpython2.7-minimal amd64 2.7.12-1ubuntu0~16.04.1 [339 kB]
1485208260,,ui,message,    amazon-ebs: Get:3 http://us-east-1.ec2.archive.ubuntu.com/ubuntu xenial-updates/main amd64 python2.7-minimal amd64 2.7.12-1ubuntu0~16.04.1 [1%!(PACKER_COMMA)295 kB]
1485208260,,ui,message,    amazon-ebs: Get:4 http://us-east-1.ec2.archive.ubuntu.com/ubuntu xenial/main amd64 python-minimal amd64 2.7.11-1 [28.2 kB]
1485208260,,ui,message,    amazon-ebs: Get:5 http://us-east-1.ec2.archive.ubuntu.com/ubuntu xenial-updates/main amd64 libpython2.7-stdlib amd64 2.7.12-1ubuntu0~16.04.1 [1%!(PACKER_COMMA)884 kB]
1485208260,,ui,message,    amazon-ebs: Get:6 http://us-east-1.ec2.archive.ubuntu.com/ubuntu xenial-updates/main amd64 python2.7 amd64 2.7.12-1ubuntu0~16.04.1 [224 kB]
1485208260,,ui,message,    amazon-ebs: Get:7 http://us-east-1.ec2.archive.ubuntu.com/ubuntu xenial/main amd64 libpython-stdlib amd64 2.7.11-1 [7%!(PACKER_COMMA)656 B]
1485208260,,ui,message,    amazon-ebs: Get:8 http://us-east-1.ec2.archive.ubuntu.com/ubuntu xenial/main amd64 python amd64 2.7.11-1 [137 kB]
1485208260,,ui,message,    amazon-ebs: Get:9 http://us-east-1.ec2.archive.ubuntu.com/ubuntu xenial/main amd64 libtirpc1 amd64 0.2.5-1 [75.6 kB]
1485208260,,ui,message,    amazon-ebs: Get:10 http://us-east-1.ec2.archive.ubuntu.com/ubuntu xenial/main amd64 keyutils amd64 1.5.9-8ubuntu1 [47.1 kB]
1485208260,,ui,message,    amazon-ebs: Get:11 http://us-east-1.ec2.archive.ubuntu.com/ubuntu xenial/main amd64 rpcbind amd64 0.2.3-0.2 [40.3 kB]
1485208260,,ui,message,    amazon-ebs: Get:12 http://us-east-1.ec2.archive.ubuntu.com/ubuntu xenial/main amd64 nfs-common amd64 1:1.2.8-9ubuntu12 [185 kB]
1485208260,,ui,message,    amazon-ebs: debconf: unable to initialize frontend: Dialog
1485208260,,ui,message,    amazon-ebs: debconf: (Dialog frontend will not work on a dumb terminal%!(PACKER_COMMA) an emacs shell buffer%!(PACKER_COMMA) or without a controlling terminal.)
1485208260,,ui,message,    amazon-ebs: debconf: falling back to frontend: Readline
1485208260,,ui,message,    amazon-ebs: debconf: unable to initialize frontend: Readline
1485208260,,ui,message,    amazon-ebs: debconf: (This frontend requires a controlling tty.)
1485208260,,ui,message,    amazon-ebs: debconf: falling back to frontend: Teletype
1485208260,,ui,message,    amazon-ebs: dpkg-preconfigure: unable to re-open stdin:
1485208260,,ui,message,    amazon-ebs: Fetched 4%!(PACKER_COMMA)295 kB in 0s (8%!(PACKER_COMMA)854 kB/s)
1485208260,,ui,message,    amazon-ebs: Selecting previously unselected package libnfsidmap2:amd64.
1485208260,,ui,message,    amazon-ebs: (Reading database ... 53798 files and directories currently installed.)
1485208260,,ui,message,    amazon-ebs: Preparing to unpack .../libnfsidmap2_0.25-5_amd64.deb ...
1485208260,,ui,message,    amazon-ebs: Unpacking libnfsidmap2:amd64 (0.25-5) ...
1485208261,,ui,message,    amazon-ebs: Selecting previously unselected package libpython2.7-minimal:amd64.
1485208261,,ui,message,    amazon-ebs: Preparing to unpack .../libpython2.7-minimal_2.7.12-1ubuntu0~16.04.1_amd64.deb ...
1485208261,,ui,message,    amazon-ebs: Unpacking libpython2.7-minimal:amd64 (2.7.12-1ubuntu0~16.04.1) ...
1485208261,,ui,message,    amazon-ebs: Selecting previously unselected package python2.7-minimal.
1485208261,,ui,message,    amazon-ebs: Preparing to unpack .../python2.7-minimal_2.7.12-1ubuntu0~16.04.1_amd64.deb ...
1485208261,,ui,message,    amazon-ebs: Unpacking python2.7-minimal (2.7.12-1ubuntu0~16.04.1) ...
1485208261,,ui,message,    amazon-ebs: Selecting previously unselected package python-minimal.
1485208261,,ui,message,    amazon-ebs: Preparing to unpack .../python-minimal_2.7.11-1_amd64.deb ...
1485208261,,ui,message,    amazon-ebs: Unpacking python-minimal (2.7.11-1) ...
1485208261,,ui,message,    amazon-ebs: Selecting previously unselected package libpython2.7-stdlib:amd64.
1485208261,,ui,message,    amazon-ebs: Preparing to unpack .../libpython2.7-stdlib_2.7.12-1ubuntu0~16.04.1_amd64.deb ...
1485208261,,ui,message,    amazon-ebs: Unpacking libpython2.7-stdlib:amd64 (2.7.12-1ubuntu0~16.04.1) ...
1485208262,,ui,message,    amazon-ebs: Selecting previously unselected package python2.7.
1485208262,,ui,message,    amazon-ebs: Preparing to unpack .../python2.7_2.7.12-1ubuntu0~16.04.1_amd64.deb ...
1485208262,,ui,message,    amazon-ebs: Unpacking python2.7 (2.7.12-1ubuntu0~16.04.1) ...
1485208262,,ui,message,    amazon-ebs: Selecting previously unselected package libpython-stdlib:amd64.
1485208262,,ui,message,    amazon-ebs: Preparing to unpack .../libpython-stdlib_2.7.11-1_amd64.deb ...
1485208262,,ui,message,    amazon-ebs: Unpacking libpython-stdlib:amd64 (2.7.11-1) ...
1485208262,,ui,message,    amazon-ebs: Processing triggers for man-db (2.7.5-1) ...
1485208262,,ui,message,    amazon-ebs: Processing triggers for mime-support (3.59ubuntu1) ...
1485208262,,ui,message,    amazon-ebs: Setting up libpython2.7-minimal:amd64 (2.7.12-1ubuntu0~16.04.1) ...
1485208262,,ui,message,    amazon-ebs: Setting up python2.7-minimal (2.7.12-1ubuntu0~16.04.1) ...
1485208263,,ui,message,    amazon-ebs: Linking and byte-compiling packages for runtime python2.7...
1485208263,,ui,message,    amazon-ebs: Setting up python-minimal (2.7.11-1) ...
1485208263,,ui,message,    amazon-ebs: Selecting previously unselected package python.
1485208263,,ui,message,    amazon-ebs: (Reading database ... 54554 files and directories currently installed.)
1485208263,,ui,message,    amazon-ebs: Preparing to unpack .../python_2.7.11-1_amd64.deb ...
1485208263,,ui,message,    amazon-ebs: Unpacking python (2.7.11-1) ...
1485208263,,ui,message,    amazon-ebs: Selecting previously unselected package libtirpc1:amd64.
1485208263,,ui,message,    amazon-ebs: Preparing to unpack .../libtirpc1_0.2.5-1_amd64.deb ...
1485208263,,ui,message,    amazon-ebs: Unpacking libtirpc1:amd64 (0.2.5-1) ...
1485208263,,ui,message,    amazon-ebs: Selecting previously unselected package keyutils.
1485208263,,ui,message,    amazon-ebs: Preparing to unpack .../keyutils_1.5.9-8ubuntu1_amd64.deb ...
1485208263,,ui,message,    amazon-ebs: Unpacking keyutils (1.5.9-8ubuntu1) ...
1485208264,,ui,message,    amazon-ebs: Selecting previously unselected package rpcbind.
1485208264,,ui,message,    amazon-ebs: Preparing to unpack .../rpcbind_0.2.3-0.2_amd64.deb ...
1485208264,,ui,message,    amazon-ebs: Unpacking rpcbind (0.2.3-0.2) ...
1485208264,,ui,message,    amazon-ebs: Selecting previously unselected package nfs-common.
1485208264,,ui,message,    amazon-ebs: Preparing to unpack .../nfs-common_1%3a1.2.8-9ubuntu12_amd64.deb ...
1485208264,,ui,message,    amazon-ebs: Unpacking nfs-common (1:1.2.8-9ubuntu12) ...
1485208264,,ui,message,    amazon-ebs: Processing triggers for man-db (2.7.5-1) ...
1485208264,,ui,message,    amazon-ebs: Processing triggers for systemd (229-4ubuntu13) ...
1485208264,,ui,message,    amazon-ebs: Processing triggers for ureadahead (0.100.0-19) ...
1485208264,,ui,message,    amazon-ebs: Setting up libnfsidmap2:amd64 (0.25-5) ...
1485208264,,ui,message,    amazon-ebs: Setting up libpython2.7-stdlib:amd64 (2.7.12-1ubuntu0~16.04.1) ...
1485208264,,ui,message,    amazon-ebs: Setting up python2.7 (2.7.12-1ubuntu0~16.04.1) ...
1485208265,,ui,message,    amazon-ebs: Setting up libpython-stdlib:amd64 (2.7.11-1) ...
1485208265,,ui,message,    amazon-ebs: Setting up python (2.7.11-1) ...
1485208265,,ui,message,    amazon-ebs: Setting up libtirpc1:amd64 (0.2.5-1) ...
1485208265,,ui,message,    amazon-ebs: Setting up keyutils (1.5.9-8ubuntu1) ...
1485208265,,ui,message,    amazon-ebs: Setting up rpcbind (0.2.3-0.2) ...
1485208267,,ui,message,    amazon-ebs: Setting up nfs-common (1:1.2.8-9ubuntu12) ...
1485208267,,ui,message,    amazon-ebs: debconf: unable to initialize frontend: Dialog
1485208267,,ui,message,    amazon-ebs: debconf: (Dialog frontend will not work on a dumb terminal%!(PACKER_COMMA) an emacs shell buffer%!(PACKER_COMMA) or without a controlling terminal.)
1485208267,,ui,message,    amazon-ebs: debconf: falling back to frontend: Readline
1485208267,,ui,message,    amazon-ebs:
1485208267,,ui,message,    amazon-ebs: Creating config file /etc/idmapd.conf with new version
1485208267,,ui,message,    amazon-ebs: debconf: unable to initialize frontend: Dialog
1485208267,,ui,message,    amazon-ebs: debconf: (Dialog frontend will not work on a dumb terminal%!(PACKER_COMMA) an emacs shell buffer%!(PACKER_COMMA) or without a controlling terminal.)
1485208267,,ui,message,    amazon-ebs: debconf: falling back to frontend: Readline
1485208267,,ui,message,    amazon-ebs:
1485208267,,ui,message,    amazon-ebs: Creating config file /etc/default/nfs-common with new version
1485208267,,ui,message,    amazon-ebs: Adding system user `statd' (UID 112) ...
1485208267,,ui,message,    amazon-ebs: Adding new user `statd' (UID 112) with group `nogroup' ...
1485208267,,ui,message,    amazon-ebs: Not creating home directory `/var/lib/nfs'.
1485208268,,ui,message,    amazon-ebs: nfs-utils.service is a disabled or a static unit%!(PACKER_COMMA) not starting it.
1485208268,,ui,message,    amazon-ebs: Processing triggers for libc-bin (2.23-0ubuntu5) ...
1485208268,,ui,message,    amazon-ebs: Processing triggers for systemd (229-4ubuntu13) ...
1485208268,,ui,message,    amazon-ebs: Processing triggers for ureadahead (0.100.0-19) ...
1485208269,,ui,message,    amazon-ebs: Executing: /tmp/tmp.ciQXMa4mGc/gpg.1.sh --keyserver
1485208269,,ui,message,    amazon-ebs: hkp://ha.pool.sks-keyservers.net:80
1485208269,,ui,message,    amazon-ebs: --recv-keys
1485208269,,ui,message,    amazon-ebs: gpg: requesting key 2C52609D from hkp server ha.pool.sks-keyservers.net
1485208269,,ui,message,    amazon-ebs: 58118E89F3A912897C070ADBF76221572C52609D
1485208270,,ui,message,    amazon-ebs: gpg: key 2C52609D: public key "Docker Release Tool (releasedocker) <docker@docker.com>" imported
1485208270,,ui,message,    amazon-ebs: gpg: Total number processed: 1
1485208270,,ui,message,    amazon-ebs: gpg:               imported: 1  (RSA: 1)
1485208270,,ui,message,    amazon-ebs: deb https://apt.dockerproject.org/repo ubuntu-xenial main
1485208270,,ui,message,    amazon-ebs: Hit:1 http://us-east-1.ec2.archive.ubuntu.com/ubuntu xenial InRelease
1485208270,,ui,message,    amazon-ebs: Hit:2 http://us-east-1.ec2.archive.ubuntu.com/ubuntu xenial-updates InRelease
1485208270,,ui,message,    amazon-ebs: Hit:3 http://us-east-1.ec2.archive.ubuntu.com/ubuntu xenial-backports InRelease
1485208270,,ui,message,    amazon-ebs: Hit:4 http://security.ubuntu.com/ubuntu xenial-security InRelease
1485208270,,ui,message,    amazon-ebs: Get:5 https://apt.dockerproject.org/repo ubuntu-xenial InRelease [30.2 kB]
1485208270,,ui,message,    amazon-ebs: Get:6 https://apt.dockerproject.org/repo ubuntu-xenial/main amd64 Packages [3%!(PACKER_COMMA)480 B]
1485208270,,ui,message,    amazon-ebs: Fetched 33.7 kB in 0s (89.8 kB/s)
1485208271,,ui,message,    amazon-ebs: Reading package lists...
1485208271,,ui,message,    amazon-ebs: Reading package lists...
1485208271,,ui,message,    amazon-ebs: Building dependency tree...
1485208271,,ui,message,    amazon-ebs: Reading state information...
1485208271,,ui,message,    amazon-ebs: The following additional packages will be installed:
1485208271,,ui,message,    amazon-ebs: aufs-tools cgroupfs-mount libltdl7
1485208271,,ui,message,    amazon-ebs: Suggested packages:
1485208271,,ui,message,    amazon-ebs: mountall
1485208271,,ui,message,    amazon-ebs: The following NEW packages will be installed:
1485208271,,ui,message,    amazon-ebs: aufs-tools cgroupfs-mount docker-engine libltdl7
1485208271,,ui,message,    amazon-ebs: 0 upgraded%!(PACKER_COMMA) 4 newly installed%!(PACKER_COMMA) 0 to remove and 29 not upgraded.
1485208271,,ui,message,    amazon-ebs: Need to get 19.4 MB of archives.
1485208271,,ui,message,    amazon-ebs: After this operation%!(PACKER_COMMA) 89.2 MB of additional disk space will be used.
1485208271,,ui,message,    amazon-ebs: Get:1 http://us-east-1.ec2.archive.ubuntu.com/ubuntu xenial/universe amd64 aufs-tools amd64 1:3.2+20130722-1.1ubuntu1 [92.9 kB]
1485208271,,ui,message,    amazon-ebs: Get:2 http://us-east-1.ec2.archive.ubuntu.com/ubuntu xenial/universe amd64 cgroupfs-mount all 1.2 [4%!(PACKER_COMMA)970 B]
1485208271,,ui,message,    amazon-ebs: Get:3 http://us-east-1.ec2.archive.ubuntu.com/ubuntu xenial/main amd64 libltdl7 amd64 2.4.6-0.1 [38.3 kB]
1485208271,,ui,message,    amazon-ebs: Get:4 https://apt.dockerproject.org/repo ubuntu-xenial/main amd64 docker-engine amd64 1.13.0-0~ubuntu-xenial [19.2 MB]
1485208272,,ui,message,    amazon-ebs: debconf: unable to initialize frontend: Dialog
1485208272,,ui,message,    amazon-ebs: debconf: (Dialog frontend will not work on a dumb terminal%!(PACKER_COMMA) an emacs shell buffer%!(PACKER_COMMA) or without a controlling terminal.)
1485208272,,ui,message,    amazon-ebs: debconf: falling back to frontend: Readline
1485208272,,ui,message,    amazon-ebs: debconf: unable to initialize frontend: Readline
1485208272,,ui,message,    amazon-ebs: debconf: (This frontend requires a controlling tty.)
1485208272,,ui,message,    amazon-ebs: debconf: falling back to frontend: Teletype
1485208272,,ui,message,    amazon-ebs: dpkg-preconfigure: unable to re-open stdin:
1485208272,,ui,message,    amazon-ebs: Fetched 19.4 MB in 0s (23.8 MB/s)
1485208272,,ui,message,    amazon-ebs: Selecting previously unselected package aufs-tools.
1485208272,,ui,message,    amazon-ebs: (Reading database ... 54740 files and directories currently installed.)
1485208272,,ui,message,    amazon-ebs: Preparing to unpack .../aufs-tools_1%3a3.2+20130722-1.1ubuntu1_amd64.deb ...
1485208272,,ui,message,    amazon-ebs: Unpacking aufs-tools (1:3.2+20130722-1.1ubuntu1) ...
1485208272,,ui,message,    amazon-ebs: Selecting previously unselected package cgroupfs-mount.
1485208272,,ui,message,    amazon-ebs: Preparing to unpack .../cgroupfs-mount_1.2_all.deb ...
1485208272,,ui,message,    amazon-ebs: Unpacking cgroupfs-mount (1.2) ...
1485208273,,ui,message,    amazon-ebs: Selecting previously unselected package libltdl7:amd64.
1485208273,,ui,message,    amazon-ebs: Preparing to unpack .../libltdl7_2.4.6-0.1_amd64.deb ...
1485208273,,ui,message,    amazon-ebs: Unpacking libltdl7:amd64 (2.4.6-0.1) ...
1485208273,,ui,message,    amazon-ebs: Selecting previously unselected package docker-engine.
1485208273,,ui,message,    amazon-ebs: Preparing to unpack .../docker-engine_1.13.0-0~ubuntu-xenial_amd64.deb ...
1485208273,,ui,message,    amazon-ebs: Unpacking docker-engine (1.13.0-0~ubuntu-xenial) ...
1485208276,,ui,message,    amazon-ebs: Processing triggers for libc-bin (2.23-0ubuntu5) ...
1485208276,,ui,message,    amazon-ebs: Processing triggers for man-db (2.7.5-1) ...
1485208276,,ui,message,    amazon-ebs: Processing triggers for ureadahead (0.100.0-19) ...
1485208276,,ui,message,    amazon-ebs: Processing triggers for systemd (229-4ubuntu13) ...
1485208276,,ui,message,    amazon-ebs: Setting up aufs-tools (1:3.2+20130722-1.1ubuntu1) ...
1485208276,,ui,message,    amazon-ebs: Setting up cgroupfs-mount (1.2) ...
1485208277,,ui,message,    amazon-ebs: Setting up libltdl7:amd64 (2.4.6-0.1) ...
1485208277,,ui,message,    amazon-ebs: Setting up docker-engine (1.13.0-0~ubuntu-xenial) ...
1485208278,,ui,message,    amazon-ebs: Processing triggers for libc-bin (2.23-0ubuntu5) ...
1485208278,,ui,message,    amazon-ebs: Processing triggers for systemd (229-4ubuntu13) ...
1485208278,,ui,message,    amazon-ebs: Processing triggers for ureadahead (0.100.0-19) ...
1485208279,,ui,message,    amazon-ebs: % Total    % Received % Xferd  Average Speed   Time    Time     Time  Current
1485208279,,ui,message,    amazon-ebs: Dload  Upload   Total   Spent    Left  Speed
1485208280,,ui,message,    amazon-ebs: 100   600    0   600    0     0   3836      0 --:--:-- --:--:-- --:--:--  3846
1485208280,,ui,message,    amazon-ebs: 100 7798k  100 7798k    0     0  13.1M      0 --:--:-- --:--:-- --:--:-- 42.0M
1485208280,,ui,say,==> amazon-ebs: Stopping the source instance...
1485208281,,ui,say,==> amazon-ebs: Waiting for the instance to stop...
1485208331,,ui,say,==> amazon-ebs: Deregistered AMI devops21ci%!(PACKER_COMMA) id: ami-1b2e230c
1485208331,,ui,say,==> amazon-ebs: Creating the AMI: devops21ci
1485208331,,ui,message,    amazon-ebs: AMI: ami-f216e1e4
1485208331,,ui,say,==> amazon-ebs: Waiting for AMI to become ready...
1485208404,,ui,say,==> amazon-ebs: Terminating the source AWS instance...
1485208412,,ui,say,==> amazon-ebs: Cleaning up any extra volumes...
1485208412,,ui,say,==> amazon-ebs: No volumes to clean up%!(PACKER_COMMA) skipping
1485208412,,ui,say,==> amazon-ebs: Deleting temporary security group...
1485208413,,ui,say,==> amazon-ebs: Deleting temporary keypair...
1485208413,,ui,say,Build 'amazon-ebs' finished.
1485208413,,ui,say,\n==> Builds finished. The artifacts of successful builds are:
1485208413,amazon-ebs,artifact-count,1
1485208413,amazon-ebs,artifact,0,builder-id,mitchellh.amazonebs
1485208413,amazon-ebs,artifact,0,id,us-east-1:ami-f216e1e4
1485208413,amazon-ebs,artifact,0,string,AMIs were created:\n\nus-east-1: ami-f216e1e4
1485208413,amazon-ebs,artifact,0,files-count,0
1485208413,amazon-ebs,artifact,0,end
1485208413,,ui,say,--> amazon-ebs: AMIs were created:\n\nus-east-1: ami-f216e1e4
