1482080580,,ui,say,digitalocean output will be in this color.
1482080580,,ui,say,
1482080580,,ui,say,==> digitalocean: Creating temporary ssh key for droplet...
1482080582,,ui,say,==> digitalocean: Creating droplet...
1482080584,,ui,say,==> digitalocean: Waiting for droplet to become active...
1482080610,,ui,say,==> digitalocean: Waiting for SSH to become available...
1482080617,,ui,say,==> digitalocean: Connected to SSH!
1482080617,,ui,say,==> digitalocean: Provisioning with shell script: /var/folders/99/kb65vfkd6_5_qxn5_0w4f9pr0000gn/T/packer-shell360021404
1482080619,,ui,message,    digitalocean: 111
1482080619,,ui,message,    digitalocean: Get:1 http://security.ubuntu.com/ubuntu xenial-security InRelease [102 kB]
1482080619,,ui,message,    digitalocean: Hit:2 http://sfo1.mirrors.digitalocean.com/ubuntu xenial InRelease
1482080619,,ui,message,    digitalocean: Get:3 http://sfo1.mirrors.digitalocean.com/ubuntu xenial-updates InRelease [102 kB]
1482080620,,ui,message,    digitalocean: Get:4 http://sfo1.mirrors.digitalocean.com/ubuntu xenial-backports InRelease [102 kB]
1482080620,,ui,message,    digitalocean: Get:5 http://security.ubuntu.com/ubuntu xenial-security/main Sources [53.6 kB]
1482080620,,ui,message,    digitalocean: Get:6 http://sfo1.mirrors.digitalocean.com/ubuntu xenial/main Sources [868 kB]
1482080620,,ui,message,    digitalocean: Get:7 http://security.ubuntu.com/ubuntu xenial-security/restricted Sources [1%!(PACKER_COMMA)804 B]
1482080620,,ui,message,    digitalocean: Get:8 http://sfo1.mirrors.digitalocean.com/ubuntu xenial/restricted Sources [4%!(PACKER_COMMA)808 B]
1482080620,,ui,message,    digitalocean: Get:9 http://security.ubuntu.com/ubuntu xenial-security/universe Sources [15.3 kB]
1482080620,,ui,message,    digitalocean: Get:10 http://security.ubuntu.com/ubuntu xenial-security/multiverse Sources [724 B]
1482080620,,ui,message,    digitalocean: Get:11 http://sfo1.mirrors.digitalocean.com/ubuntu xenial/universe Sources [7%!(PACKER_COMMA)728 kB]
1482080620,,ui,message,    digitalocean: Get:12 http://security.ubuntu.com/ubuntu xenial-security/main amd64 Packages [192 kB]
1482080620,,ui,message,    digitalocean: Get:13 http://sfo1.mirrors.digitalocean.com/ubuntu xenial/multiverse Sources [179 kB]
1482080620,,ui,message,    digitalocean: Get:14 http://sfo1.mirrors.digitalocean.com/ubuntu xenial-updates/main Sources [212 kB]
1482080620,,ui,message,    digitalocean: Get:15 http://security.ubuntu.com/ubuntu xenial-security/main Translation-en [79.4 kB]
1482080621,,ui,message,    digitalocean: Get:16 http://security.ubuntu.com/ubuntu xenial-security/universe amd64 Packages [65.6 kB]
1482080621,,ui,message,    digitalocean: Get:17 http://sfo1.mirrors.digitalocean.com/ubuntu xenial-updates/restricted Sources [1%!(PACKER_COMMA)804 B]
1482080621,,ui,message,    digitalocean: Get:18 http://security.ubuntu.com/ubuntu xenial-security/universe Translation-en [35.9 kB]
1482080621,,ui,message,    digitalocean: Get:19 http://sfo1.mirrors.digitalocean.com/ubuntu xenial-updates/universe Sources [113 kB]
1482080621,,ui,message,    digitalocean: Get:20 http://security.ubuntu.com/ubuntu xenial-security/multiverse amd64 Packages [2%!(PACKER_COMMA)756 B]
1482080621,,ui,message,    digitalocean: Get:21 http://sfo1.mirrors.digitalocean.com/ubuntu xenial-updates/multiverse Sources [4%!(PACKER_COMMA)004 B]
1482080621,,ui,message,    digitalocean: Get:22 http://sfo1.mirrors.digitalocean.com/ubuntu xenial-updates/main amd64 Packages [441 kB]
1482080621,,ui,message,    digitalocean: Get:23 http://sfo1.mirrors.digitalocean.com/ubuntu xenial-updates/main Translation-en [172 kB]
1482080622,,ui,message,    digitalocean: Get:24 http://sfo1.mirrors.digitalocean.com/ubuntu xenial-updates/universe amd64 Packages [370 kB]
1482080622,,ui,message,    digitalocean: Get:25 http://sfo1.mirrors.digitalocean.com/ubuntu xenial-updates/universe Translation-en [135 kB]
1482080622,,ui,message,    digitalocean: Get:26 http://sfo1.mirrors.digitalocean.com/ubuntu xenial-updates/multiverse amd64 Packages [7%!(PACKER_COMMA)376 B]
1482080622,,ui,message,    digitalocean: Get:27 http://sfo1.mirrors.digitalocean.com/ubuntu xenial-updates/multiverse Translation-en [3%!(PACKER_COMMA)080 B]
1482080623,,ui,message,    digitalocean: Get:28 http://sfo1.mirrors.digitalocean.com/ubuntu xenial-backports/main Sources [3%!(PACKER_COMMA)252 B]
1482080623,,ui,message,    digitalocean: Get:29 http://sfo1.mirrors.digitalocean.com/ubuntu xenial-backports/universe Sources [1%!(PACKER_COMMA)868 B]
1482080623,,ui,message,    digitalocean: Get:30 http://sfo1.mirrors.digitalocean.com/ubuntu xenial-backports/main amd64 Packages [4%!(PACKER_COMMA)396 B]
1482080623,,ui,message,    digitalocean: Get:31 http://sfo1.mirrors.digitalocean.com/ubuntu xenial-backports/main Translation-en [3%!(PACKER_COMMA)104 B]
1482080623,,ui,message,    digitalocean: Get:32 http://sfo1.mirrors.digitalocean.com/ubuntu xenial-backports/universe amd64 Packages [2%!(PACKER_COMMA)412 B]
1482080623,,ui,message,    digitalocean: Get:33 http://sfo1.mirrors.digitalocean.com/ubuntu xenial-backports/universe Translation-en [1%!(PACKER_COMMA)216 B]
1482080626,,ui,message,    digitalocean: Fetched 11.0 MB in 4s (2%!(PACKER_COMMA)352 kB/s)
1482080627,,ui,message,    digitalocean: Reading package lists...
1482080627,,ui,message,    digitalocean: 222
1482080627,,ui,message,    digitalocean: Reading package lists...
1482080627,,ui,message,    digitalocean: Building dependency tree...
1482080627,,ui,message,    digitalocean: Reading state information...
1482080627,,ui,message,    digitalocean: ca-certificates is already the newest version (20160104ubuntu1).
1482080627,,ui,message,    digitalocean: The following additional packages will be installed:
1482080627,,ui,message,    digitalocean: keyutils libnfsidmap2 libpython-stdlib libpython2.7-minimal
1482080627,,ui,message,    digitalocean: libpython2.7-stdlib libtirpc1 python python-minimal python2.7
1482080627,,ui,message,    digitalocean: python2.7-minimal rpcbind
1482080627,,ui,message,    digitalocean: Suggested packages:
1482080627,,ui,message,    digitalocean: watchdog python-doc python-tk python2.7-doc binutils binfmt-support
1482080627,,ui,message,    digitalocean: The following NEW packages will be installed:
1482080627,,ui,message,    digitalocean: keyutils libnfsidmap2 libpython-stdlib libpython2.7-minimal
1482080627,,ui,message,    digitalocean: libpython2.7-stdlib libtirpc1 nfs-common python python-minimal python2.7
1482080627,,ui,message,    digitalocean: python2.7-minimal rpcbind
1482080627,,ui,message,    digitalocean: The following packages will be upgraded:
1482080627,,ui,message,    digitalocean: apt-transport-https
1482080628,,ui,message,    digitalocean: 1 upgraded%!(PACKER_COMMA) 12 newly installed%!(PACKER_COMMA) 0 to remove and 13 not upgraded.
1482080628,,ui,message,    digitalocean: Need to get 4%!(PACKER_COMMA)321 kB of archives.
1482080628,,ui,message,    digitalocean: After this operation%!(PACKER_COMMA) 18.0 MB of additional disk space will be used.
1482080628,,ui,message,    digitalocean: Get:1 http://sfo1.mirrors.digitalocean.com/ubuntu xenial/main amd64 libnfsidmap2 amd64 0.25-5 [32.2 kB]
1482080628,,ui,message,    digitalocean: Get:2 http://sfo1.mirrors.digitalocean.com/ubuntu xenial-updates/main amd64 libpython2.7-minimal amd64 2.7.12-1ubuntu0~16.04.1 [339 kB]
1482080628,,ui,message,    digitalocean: Get:3 http://sfo1.mirrors.digitalocean.com/ubuntu xenial-updates/main amd64 python2.7-minimal amd64 2.7.12-1ubuntu0~16.04.1 [1%!(PACKER_COMMA)295 kB]
1482080628,,ui,message,    digitalocean: Get:4 http://sfo1.mirrors.digitalocean.com/ubuntu xenial/main amd64 python-minimal amd64 2.7.11-1 [28.2 kB]
1482080629,,ui,message,    digitalocean: Get:5 http://sfo1.mirrors.digitalocean.com/ubuntu xenial-updates/main amd64 libpython2.7-stdlib amd64 2.7.12-1ubuntu0~16.04.1 [1%!(PACKER_COMMA)884 kB]
1482080629,,ui,message,    digitalocean: Get:6 http://sfo1.mirrors.digitalocean.com/ubuntu xenial-updates/main amd64 python2.7 amd64 2.7.12-1ubuntu0~16.04.1 [224 kB]
1482080629,,ui,message,    digitalocean: Get:7 http://sfo1.mirrors.digitalocean.com/ubuntu xenial/main amd64 libpython-stdlib amd64 2.7.11-1 [7%!(PACKER_COMMA)656 B]
1482080629,,ui,message,    digitalocean: Get:8 http://sfo1.mirrors.digitalocean.com/ubuntu xenial/main amd64 python amd64 2.7.11-1 [137 kB]
1482080629,,ui,message,    digitalocean: Get:9 http://sfo1.mirrors.digitalocean.com/ubuntu xenial/main amd64 libtirpc1 amd64 0.2.5-1 [75.6 kB]
1482080629,,ui,message,    digitalocean: Get:10 http://sfo1.mirrors.digitalocean.com/ubuntu xenial-updates/main amd64 apt-transport-https amd64 1.2.15ubuntu0.2 [26.0 kB]
1482080630,,ui,message,    digitalocean: Get:11 http://sfo1.mirrors.digitalocean.com/ubuntu xenial/main amd64 keyutils amd64 1.5.9-8ubuntu1 [47.1 kB]
1482080630,,ui,message,    digitalocean: Get:12 http://sfo1.mirrors.digitalocean.com/ubuntu xenial/main amd64 rpcbind amd64 0.2.3-0.2 [40.3 kB]
1482080630,,ui,message,    digitalocean: Get:13 http://sfo1.mirrors.digitalocean.com/ubuntu xenial/main amd64 nfs-common amd64 1:1.2.8-9ubuntu12 [185 kB]
1482080630,,ui,message,    digitalocean: debconf: unable to initialize frontend: Dialog
1482080630,,ui,message,    digitalocean: debconf: (TERM is not set%!(PACKER_COMMA) so the dialog frontend is not usable.)
1482080630,,ui,message,    digitalocean: debconf: falling back to frontend: Readline
1482080630,,ui,message,    digitalocean: debconf: unable to initialize frontend: Readline
1482080630,,ui,message,    digitalocean: debconf: (This frontend requires a controlling tty.)
1482080630,,ui,message,    digitalocean: debconf: falling back to frontend: Teletype
1482080630,,ui,message,    digitalocean: dpkg-preconfigure: unable to re-open stdin:
1482080630,,ui,message,    digitalocean: Fetched 4%!(PACKER_COMMA)321 kB in 2s (1%!(PACKER_COMMA)582 kB/s)
1482080630,,ui,message,    digitalocean: Selecting previously unselected package libnfsidmap2:amd64.
1482080630,,ui,message,    digitalocean: (Reading database ... 53712 files and directories currently installed.)
1482080630,,ui,message,    digitalocean: Preparing to unpack .../libnfsidmap2_0.25-5_amd64.deb ...
1482080630,,ui,message,    digitalocean: Unpacking libnfsidmap2:amd64 (0.25-5) ...
1482080630,,ui,message,    digitalocean: Selecting previously unselected package libpython2.7-minimal:amd64.
1482080630,,ui,message,    digitalocean: Preparing to unpack .../libpython2.7-minimal_2.7.12-1ubuntu0~16.04.1_amd64.deb ...
1482080630,,ui,message,    digitalocean: Unpacking libpython2.7-minimal:amd64 (2.7.12-1ubuntu0~16.04.1) ...
1482080630,,ui,message,    digitalocean: Selecting previously unselected package python2.7-minimal.
1482080630,,ui,message,    digitalocean: Preparing to unpack .../python2.7-minimal_2.7.12-1ubuntu0~16.04.1_amd64.deb ...
1482080631,,ui,message,    digitalocean: Unpacking python2.7-minimal (2.7.12-1ubuntu0~16.04.1) ...
1482080631,,ui,message,    digitalocean: Selecting previously unselected package python-minimal.
1482080631,,ui,message,    digitalocean: Preparing to unpack .../python-minimal_2.7.11-1_amd64.deb ...
1482080631,,ui,message,    digitalocean: Unpacking python-minimal (2.7.11-1) ...
1482080631,,ui,message,    digitalocean: Selecting previously unselected package libpython2.7-stdlib:amd64.
1482080631,,ui,message,    digitalocean: Preparing to unpack .../libpython2.7-stdlib_2.7.12-1ubuntu0~16.04.1_amd64.deb ...
1482080631,,ui,message,    digitalocean: Unpacking libpython2.7-stdlib:amd64 (2.7.12-1ubuntu0~16.04.1) ...
1482080631,,ui,message,    digitalocean: Selecting previously unselected package python2.7.
1482080631,,ui,message,    digitalocean: Preparing to unpack .../python2.7_2.7.12-1ubuntu0~16.04.1_amd64.deb ...
1482080631,,ui,message,    digitalocean: Unpacking python2.7 (2.7.12-1ubuntu0~16.04.1) ...
1482080631,,ui,message,    digitalocean: Selecting previously unselected package libpython-stdlib:amd64.
1482080631,,ui,message,    digitalocean: Preparing to unpack .../libpython-stdlib_2.7.11-1_amd64.deb ...
1482080631,,ui,message,    digitalocean: Unpacking libpython-stdlib:amd64 (2.7.11-1) ...
1482080631,,ui,message,    digitalocean: Processing triggers for man-db (2.7.5-1) ...
1482080632,,ui,message,    digitalocean: Processing triggers for mime-support (3.59ubuntu1) ...
1482080632,,ui,message,    digitalocean: Setting up libpython2.7-minimal:amd64 (2.7.12-1ubuntu0~16.04.1) ...
1482080632,,ui,message,    digitalocean: Setting up python2.7-minimal (2.7.12-1ubuntu0~16.04.1) ...
1482080632,,ui,message,    digitalocean: Linking and byte-compiling packages for runtime python2.7...
1482080632,,ui,message,    digitalocean: Setting up python-minimal (2.7.11-1) ...
1482080632,,ui,message,    digitalocean: Selecting previously unselected package python.
1482080632,,ui,message,    digitalocean: (Reading database ... 54468 files and directories currently installed.)
1482080632,,ui,message,    digitalocean: Preparing to unpack .../python_2.7.11-1_amd64.deb ...
1482080632,,ui,message,    digitalocean: Unpacking python (2.7.11-1) ...
1482080632,,ui,message,    digitalocean: Selecting previously unselected package libtirpc1:amd64.
1482080632,,ui,message,    digitalocean: Preparing to unpack .../libtirpc1_0.2.5-1_amd64.deb ...
1482080632,,ui,message,    digitalocean: Unpacking libtirpc1:amd64 (0.2.5-1) ...
1482080632,,ui,message,    digitalocean: Preparing to unpack .../apt-transport-https_1.2.15ubuntu0.2_amd64.deb ...
1482080632,,ui,message,    digitalocean: Unpacking apt-transport-https (1.2.15ubuntu0.2) over (1.2.15) ...
1482080632,,ui,message,    digitalocean: Selecting previously unselected package keyutils.
1482080632,,ui,message,    digitalocean: Preparing to unpack .../keyutils_1.5.9-8ubuntu1_amd64.deb ...
1482080632,,ui,message,    digitalocean: Unpacking keyutils (1.5.9-8ubuntu1) ...
1482080632,,ui,message,    digitalocean: Selecting previously unselected package rpcbind.
1482080632,,ui,message,    digitalocean: Preparing to unpack .../rpcbind_0.2.3-0.2_amd64.deb ...
1482080632,,ui,message,    digitalocean: Unpacking rpcbind (0.2.3-0.2) ...
1482080632,,ui,message,    digitalocean: Selecting previously unselected package nfs-common.
1482080632,,ui,message,    digitalocean: Preparing to unpack .../nfs-common_1%3a1.2.8-9ubuntu12_amd64.deb ...
1482080632,,ui,message,    digitalocean: Unpacking nfs-common (1:1.2.8-9ubuntu12) ...
1482080632,,ui,message,    digitalocean: Processing triggers for man-db (2.7.5-1) ...
1482080633,,ui,message,    digitalocean: Processing triggers for systemd (229-4ubuntu12) ...
1482080633,,ui,message,    digitalocean: Processing triggers for ureadahead (0.100.0-19) ...
1482080633,,ui,message,    digitalocean: Setting up libnfsidmap2:amd64 (0.25-5) ...
1482080633,,ui,message,    digitalocean: Setting up libpython2.7-stdlib:amd64 (2.7.12-1ubuntu0~16.04.1) ...
1482080633,,ui,message,    digitalocean: Setting up python2.7 (2.7.12-1ubuntu0~16.04.1) ...
1482080634,,ui,message,    digitalocean: Setting up libpython-stdlib:amd64 (2.7.11-1) ...
1482080634,,ui,message,    digitalocean: Setting up python (2.7.11-1) ...
1482080634,,ui,message,    digitalocean: Setting up libtirpc1:amd64 (0.2.5-1) ...
1482080634,,ui,message,    digitalocean: Setting up apt-transport-https (1.2.15ubuntu0.2) ...
1482080634,,ui,message,    digitalocean: Setting up keyutils (1.5.9-8ubuntu1) ...
1482080634,,ui,message,    digitalocean: Setting up rpcbind (0.2.3-0.2) ...
1482080635,,ui,message,    digitalocean: Setting up nfs-common (1:1.2.8-9ubuntu12) ...
1482080635,,ui,message,    digitalocean: debconf: unable to initialize frontend: Dialog
1482080635,,ui,message,    digitalocean: debconf: (TERM is not set%!(PACKER_COMMA) so the dialog frontend is not usable.)
1482080635,,ui,message,    digitalocean: debconf: falling back to frontend: Readline
1482080635,,ui,message,    digitalocean:
1482080635,,ui,message,    digitalocean: Creating config file /etc/idmapd.conf with new version
1482080635,,ui,message,    digitalocean: debconf: unable to initialize frontend: Dialog
1482080635,,ui,message,    digitalocean: debconf: (TERM is not set%!(PACKER_COMMA) so the dialog frontend is not usable.)
1482080635,,ui,message,    digitalocean: debconf: falling back to frontend: Readline
1482080635,,ui,message,    digitalocean:
1482080635,,ui,message,    digitalocean: Creating config file /etc/default/nfs-common with new version
1482080635,,ui,message,    digitalocean: Adding system user `statd' (UID 112) ...
1482080635,,ui,message,    digitalocean: Adding new user `statd' (UID 112) with group `nogroup' ...
1482080635,,ui,message,    digitalocean: Not creating home directory `/var/lib/nfs'.
1482080636,,ui,message,    digitalocean: nfs-utils.service is a disabled or a static unit%!(PACKER_COMMA) not starting it.
1482080636,,ui,message,    digitalocean: Processing triggers for libc-bin (2.23-0ubuntu5) ...
1482080636,,ui,message,    digitalocean: Processing triggers for systemd (229-4ubuntu12) ...
1482080636,,ui,message,    digitalocean: Processing triggers for ureadahead (0.100.0-19) ...
1482080637,,ui,message,    digitalocean: 333
1482080637,,ui,message,    digitalocean: Executing: /tmp/tmp.8j6e4eZd35/gpg.1.sh --keyserver
1482080637,,ui,message,    digitalocean: hkp://ha.pool.sks-keyservers.net:80
1482080637,,ui,message,    digitalocean: --recv-keys
1482080637,,ui,message,    digitalocean: 58118E89F3A912897C070ADBF76221572C52609D
1482080637,,ui,message,    digitalocean: gpg: requesting key 2C52609D from hkp server ha.pool.sks-keyservers.net
1482080639,,ui,message,    digitalocean: gpg: key 2C52609D: public key "Docker Release Tool (releasedocker) <docker@docker.com>" imported
1482080639,,ui,message,    digitalocean: gpg: Total number processed: 1
1482080639,,ui,message,    digitalocean: 444
1482080639,,ui,message,    digitalocean: deb https://apt.dockerproject.org/repo ubuntu-xenial main
1482080639,,ui,message,    digitalocean: gpg:               imported: 1  (RSA: 1)
1482080639,,ui,message,    digitalocean: 555
1482080639,,ui,message,    digitalocean: Hit:1 http://security.ubuntu.com/ubuntu xenial-security InRelease
1482080639,,ui,message,    digitalocean: Hit:2 http://sfo1.mirrors.digitalocean.com/ubuntu xenial InRelease
1482080639,,ui,message,    digitalocean: Hit:3 http://sfo1.mirrors.digitalocean.com/ubuntu xenial-updates InRelease
1482080639,,ui,message,    digitalocean: Get:4 https://apt.dockerproject.org/repo ubuntu-xenial InRelease [30.2 kB]
1482080639,,ui,message,    digitalocean: Hit:5 http://sfo1.mirrors.digitalocean.com/ubuntu xenial-backports InRelease
1482080640,,ui,message,    digitalocean: Get:6 https://apt.dockerproject.org/repo ubuntu-xenial/main amd64 Packages [3%!(PACKER_COMMA)102 B]
1482080640,,ui,message,    digitalocean: Fetched 33.3 kB in 0s (44.1 kB/s)
1482080641,,ui,message,    digitalocean: Reading package lists...
1482080641,,ui,message,    digitalocean: 666
1482080641,,ui,message,    digitalocean: Reading package lists...
1482080641,,ui,message,    digitalocean: Building dependency tree...
1482080641,,ui,message,    digitalocean: Reading state information...
1482080641,,ui,message,    digitalocean: The following additional packages will be installed:
1482080641,,ui,message,    digitalocean: aufs-tools cgroupfs-mount libltdl7
1482080641,,ui,message,    digitalocean: Suggested packages:
1482080641,,ui,message,    digitalocean: mountall
1482080641,,ui,message,    digitalocean: The following NEW packages will be installed:
1482080641,,ui,message,    digitalocean: aufs-tools cgroupfs-mount docker-engine libltdl7
1482080642,,ui,message,    digitalocean: 0 upgraded%!(PACKER_COMMA) 4 newly installed%!(PACKER_COMMA) 0 to remove and 13 not upgraded.
1482080642,,ui,message,    digitalocean: Need to get 19.5 MB of archives.
1482080642,,ui,message,    digitalocean: After this operation%!(PACKER_COMMA) 102 MB of additional disk space will be used.
1482080642,,ui,message,    digitalocean: Get:1 https://apt.dockerproject.org/repo ubuntu-xenial/main amd64 docker-engine amd64 1.12.5-0~ubuntu-xenial [19.4 MB]
1482080642,,ui,message,    digitalocean: Get:2 http://sfo1.mirrors.digitalocean.com/ubuntu xenial/universe amd64 aufs-tools amd64 1:3.2+20130722-1.1ubuntu1 [92.9 kB]
1482080642,,ui,message,    digitalocean: Get:3 http://sfo1.mirrors.digitalocean.com/ubuntu xenial/universe amd64 cgroupfs-mount all 1.2 [4%!(PACKER_COMMA)970 B]
1482080642,,ui,message,    digitalocean: Get:4 http://sfo1.mirrors.digitalocean.com/ubuntu xenial/main amd64 libltdl7 amd64 2.4.6-0.1 [38.3 kB]
1482080642,,ui,message,    digitalocean: debconf: unable to initialize frontend: Dialog
1482080642,,ui,message,    digitalocean: debconf: (TERM is not set%!(PACKER_COMMA) so the dialog frontend is not usable.)
1482080642,,ui,message,    digitalocean: debconf: falling back to frontend: Readline
1482080642,,ui,message,    digitalocean: debconf: unable to initialize frontend: Readline
1482080642,,ui,message,    digitalocean: debconf: (This frontend requires a controlling tty.)
1482080642,,ui,message,    digitalocean: debconf: falling back to frontend: Teletype
1482080642,,ui,message,    digitalocean: dpkg-preconfigure: unable to re-open stdin:
1482080642,,ui,message,    digitalocean: Fetched 19.5 MB in 0s (19.8 MB/s)
1482080642,,ui,message,    digitalocean: Selecting previously unselected package aufs-tools.
1482080643,,ui,message,    digitalocean: (Reading database ... 54654 files and directories currently installed.)
1482080643,,ui,message,    digitalocean: Preparing to unpack .../aufs-tools_1%3a3.2+20130722-1.1ubuntu1_amd64.deb ...
1482080643,,ui,message,    digitalocean: Unpacking aufs-tools (1:3.2+20130722-1.1ubuntu1) ...
1482080643,,ui,message,    digitalocean: Selecting previously unselected package cgroupfs-mount.
1482080643,,ui,message,    digitalocean: Preparing to unpack .../cgroupfs-mount_1.2_all.deb ...
1482080643,,ui,message,    digitalocean: Unpacking cgroupfs-mount (1.2) ...
1482080643,,ui,message,    digitalocean: Selecting previously unselected package libltdl7:amd64.
1482080643,,ui,message,    digitalocean: Preparing to unpack .../libltdl7_2.4.6-0.1_amd64.deb ...
1482080643,,ui,message,    digitalocean: Unpacking libltdl7:amd64 (2.4.6-0.1) ...
1482080643,,ui,message,    digitalocean: Selecting previously unselected package docker-engine.
1482080643,,ui,message,    digitalocean: Preparing to unpack .../docker-engine_1.12.5-0~ubuntu-xenial_amd64.deb ...
1482080643,,ui,message,    digitalocean: Unpacking docker-engine (1.12.5-0~ubuntu-xenial) ...
1482080646,,ui,message,    digitalocean: Processing triggers for libc-bin (2.23-0ubuntu5) ...
1482080646,,ui,message,    digitalocean: Processing triggers for man-db (2.7.5-1) ...
1482080646,,ui,message,    digitalocean: Processing triggers for ureadahead (0.100.0-19) ...
1482080646,,ui,message,    digitalocean: Processing triggers for systemd (229-4ubuntu12) ...
1482080646,,ui,message,    digitalocean: Setting up aufs-tools (1:3.2+20130722-1.1ubuntu1) ...
1482080646,,ui,message,    digitalocean: Setting up cgroupfs-mount (1.2) ...
1482080646,,ui,message,    digitalocean: Setting up libltdl7:amd64 (2.4.6-0.1) ...
1482080646,,ui,message,    digitalocean: Setting up docker-engine (1.12.5-0~ubuntu-xenial) ...
1482080648,,ui,message,    digitalocean: Processing triggers for libc-bin (2.23-0ubuntu5) ...
1482080648,,ui,message,    digitalocean: Processing triggers for systemd (229-4ubuntu12) ...
1482080648,,ui,message,    digitalocean: Processing triggers for ureadahead (0.100.0-19) ...
1482080650,,ui,say,==> digitalocean: Gracefully shutting down droplet...
1482080753,,ui,say,==> digitalocean: Creating snapshot: devops21-1482080580
1482080755,,ui,say,==> digitalocean: Waiting for snapshot to complete...
1482080833,,ui,say,==> digitalocean: Destroying droplet...
1482080835,,ui,say,==> digitalocean: Deleting temporary ssh key...
1482080835,,ui,say,Build 'digitalocean' finished.
1482080835,,ui,say,\n==> Builds finished. The artifacts of successful builds are:
1482080835,digitalocean,artifact-count,1
1482080835,digitalocean,artifact,0,builder-id,pearkes.digitalocean
1482080835,digitalocean,artifact,0,id,sfo2:21606845
1482080835,digitalocean,artifact,0,string,A snapshot was created: 'devops21-1482080580' (ID: 21606845) in region 'sfo2'
1482080835,digitalocean,artifact,0,files-count,0
1482080835,digitalocean,artifact,0,end
1482080835,,ui,say,--> digitalocean: A snapshot was created: 'devops21-1482080580' (ID: 21606845) in region 'sfo2'
